<?xml version="1.0" encoding="UTF-8"?>
<!-- Generated by org.testng.reporters.JUnitReportReporter -->
<testsuite hostname="abc" name="test.ExtentReportWithTestNG" tests="1" failures="0" timestamp="1 Apr 2020 11:39:41 GMT" time="91.970" errors="0">
  <testcase name="googlesearchtest1" time="91.970" classname="test.ExtentReportWithTestNG"/>
</testsuite> <!-- test.ExtentReportWithTestNG -->
