<?xml version="1.0" encoding="UTF-8"?>
<!-- Generated by org.testng.reporters.JUnitReportReporter -->
<testsuite hostname="abc" name="test.GooglesearchPageTest" tests="1" failures="0" timestamp="1 Apr 2020 11:39:41 GMT" time="75.080" errors="0">
  <testcase name="googlesearchtest" time="75.080" classname="test.GooglesearchPageTest"/>
</testsuite> <!-- test.GooglesearchPageTest -->
