<?xml version="1.0" encoding="UTF-8"?>
<!-- Generated by org.testng.reporters.JUnitReportReporter -->
<testsuite hostname="abc" name="example.NewTest" tests="1" failures="0" timestamp="30 Mar 2020 15:56:36 GMT" time="16.712" errors="0">
  <testcase name="testEasy" time="16.712" classname="example.NewTest"/>
</testsuite> <!-- example.NewTest -->
