<?xml version="1.0" encoding="UTF-8"?>
<!-- Generated by org.testng.reporters.JUnitReportReporter -->
<testsuite hostname="abc" name="test.GooglesearchTest" tests="1" failures="0" timestamp="31 Mar 2020 11:47:37 GMT" time="14.434" errors="0">
  <testcase name="googlesearch" time="14.434" classname="test.GooglesearchTest"/>
</testsuite> <!-- test.GooglesearchTest -->
